[debug] [2023-09-18T19:30:04.795Z] ----------------------------------------------------------------------
[debug] [2023-09-18T19:30:04.797Z] Command:       C:\Program Files\nodejs\node.exe C:\Users\Jacqueline\AppData\Roaming\npm\node_modules\firebase-tools\lib\bin\firebase.js init
[debug] [2023-09-18T19:30:04.797Z] CLI Version:   12.5.4
[debug] [2023-09-18T19:30:04.798Z] Platform:      win32
[debug] [2023-09-18T19:30:04.798Z] Node Version:  v16.17.1
[debug] [2023-09-18T19:30:04.799Z] Time:          Mon Sep 18 2023 15:30:04 GMT-0400 (hora de Bolivia)
[debug] [2023-09-18T19:30:04.800Z] ----------------------------------------------------------------------
[debug] 
[debug] [2023-09-18T19:30:04.883Z] > command requires scopes: ["email","openid","https://www.googleapis.com/auth/cloudplatformprojects.readonly","https://www.googleapis.com/auth/firebase","https://www.googleapis.com/auth/cloud-platform"]
[debug] [2023-09-18T19:30:04.883Z] > authorizing via signed-in user (alpasa50@gmail.com)
[info] 
     ######## #### ########  ######## ########     ###     ######  ########
     ##        ##  ##     ## ##       ##     ##  ##   ##  ##       ##
     ######    ##  ########  ######   ########  #########  ######  ######
     ##        ##  ##    ##  ##       ##     ## ##     ##       ## ##
     ##       #### ##     ## ######## ########  ##     ##  ######  ########

You're about to initialize a Firebase project in this directory:

  C:\Users\Jacqueline\Desktop\Plusval\Apps\invoice-app

Before we get started, keep in mind:

  * You are initializing within an existing Firebase project directory

